# JRE version: Java(TM) SE Runtime Environment (17.0+35) (build 17+35-LTS-2724)
# Java VM: Java HotSpot(TM) 64-Bit Server VM (17+35-LTS-2724, mixed mode, sharing, tiered, compressed oops, compressed class ptrs, g1 gc, windows-amd64)
GC Precious Log:
 CPUs: 16 total, 16 available
 Memory: 15773M
 Large Page Support: Disabled
 NUMA Support: Disabled
 Compressed Oops: Enabled (Zero based)
 Heap Region Size: 2M
 Heap Min Capacity: 8M
 Heap Initial Capacity: 248M
 Heap Max Capacity: 3944M
 Pre-touch: Disabled
 Parallel Workers: 13
 Concurrent Workers: 3
 Concurrent Refinement Workers: 13
 Periodic GC: Disabled
Heap:
 garbage-first heap   total 219136K, used 76764K [0x0000000709800000, 0x0000000800000000)
  region size 2048K, 7 young (14336K), 1 survivors (2048K)
 Metaspace       used 31731K, committed 32128K, reserved 1081344K
  class space    used 3612K, committed 3776K, reserved 1048576K
GC Heap History (20 events):
Event: 2.207 GC heap before
{Heap before GC invocations=2 (full 0):
 garbage-first heap   total 253952K, used 152327K [0x0000000709800000, 0x0000000800000000)
  region size 2048K, 74 young (151552K), 1 survivors (2048K)
 Metaspace       used 16377K, committed 16640K, reserved 1064960K
  class space    used 1866K, committed 1984K, reserved 1048576K
}
Event: 2.216 GC heap after
{Heap after GC invocations=3 (full 0):
 garbage-first heap   total 253952K, used 19682K [0x0000000709800000, 0x0000000800000000)
  region size 2048K, 8 young (16384K), 8 survivors (16384K)
 Metaspace       used 16377K, committed 16640K, reserved 1064960K
  class space    used 1866K, committed 1984K, reserved 1048576K
}
Event: 3.055 GC heap before
{Heap before GC invocations=3 (full 0):
 garbage-first heap   total 253952K, used 95458K [0x0000000709800000, 0x0000000800000000)
  region size 2048K, 45 young (92160K), 8 survivors (16384K)
 Metaspace       used 21203K, committed 21504K, reserved 1073152K
  class space    used 2457K, committed 2624K, reserved 1048576K
}
Event: 3.063 GC heap after
{Heap after GC invocations=4 (full 0):
 garbage-first heap   total 253952K, used 29999K [0x0000000709800000, 0x0000000800000000)
  region size 2048K, 4 young (8192K), 4 survivors (8192K)
 Metaspace       used 21203K, committed 21504K, reserved 1073152K
  class space    used 2457K, committed 2624K, reserved 1048576K
}
Event: 3.631 GC heap before
{Heap before GC invocations=5 (full 0):
 garbage-first heap   total 116736K, used 91439K [0x0000000709800000, 0x0000000800000000)
  region size 2048K, 34 young (69632K), 4 survivors (8192K)
 Metaspace       used 25687K, committed 26048K, reserved 1073152K
  class space    used 2947K, committed 3136K, reserved 1048576K
}
Event: 3.639 GC heap after
{Heap after GC invocations=6 (full 0):
 garbage-first heap   total 116736K, used 42648K [0x0000000709800000, 0x0000000800000000)
  region size 2048K, 5 young (10240K), 5 survivors (10240K)
 Metaspace       used 25687K, committed 26048K, reserved 1073152K
  class space    used 2947K, committed 3136K, reserved 1048576K
}
Event: 3.656 GC heap before
{Heap before GC invocations=6 (full 0):
 garbage-first heap   total 116736K, used 44696K [0x0000000709800000, 0x0000000800000000)
  region size 2048K, 6 young (12288K), 5 survivors (10240K)
 Metaspace       used 25687K, committed 26048K, reserved 1073152K
  class space    used 2947K, committed 3136K, reserved 1048576K
}
Event: 3.662 GC heap after
{Heap after GC invocations=7 (full 0):
 garbage-first heap   total 116736K, used 45519K [0x0000000709800000, 0x0000000800000000)
  region size 2048K, 1 young (2048K), 1 survivors (2048K)
 Metaspace       used 25687K, committed 26048K, reserved 1073152K
  class space    used 2947K, committed 3136K, reserved 1048576K
}
Event: 4.249 GC heap before
{Heap before GC invocations=7 (full 0):
 garbage-first heap   total 116736K, used 84431K [0x0000000709800000, 0x0000000800000000)
  region size 2048K, 20 young (40960K), 1 survivors (2048K)
 Metaspace       used 28572K, committed 28928K, reserved 1081344K
  class space    used 3290K, committed 3456K, reserved 1048576K
}
Event: 4.253 GC heap after
{Heap after GC invocations=8 (full 0):
 garbage-first heap   total 116736K, used 47054K [0x0000000709800000, 0x0000000800000000)
  region size 2048K, 2 young (4096K), 2 survivors (4096K)
 Metaspace       used 28572K, committed 28928K, reserved 1081344K
  class space    used 3290K, committed 3456K, reserved 1048576K
}
Event: 4.430 GC heap before
{Heap before GC invocations=8 (full 0):
 garbage-first heap   total 116736K, used 85966K [0x0000000709800000, 0x0000000800000000)
  region size 2048K, 21 young (43008K), 2 survivors (4096K)
 Metaspace       used 28604K, committed 28928K, reserved 1081344K
  class space    used 3291K, committed 3456K, reserved 1048576K
}
Event: 4.434 GC heap after
{Heap after GC invocations=9 (full 0):
 garbage-first heap   total 116736K, used 55296K [0x0000000709800000, 0x0000000800000000)
  region size 2048K, 3 young (6144K), 3 survivors (6144K)
 Metaspace       used 28604K, committed 28928K, reserved 1081344K
  class space    used 3291K, committed 3456K, reserved 1048576K
}
Event: 4.600 GC heap before
{Heap before GC invocations=9 (full 0):
 garbage-first heap   total 116736K, used 86016K [0x0000000709800000, 0x0000000800000000)
  region size 2048K, 19 young (38912K), 3 survivors (6144K)
 Metaspace       used 28646K, committed 28928K, reserved 1081344K
  class space    used 3291K, committed 3456K, reserved 1048576K
}
Event: 4.606 GC heap after
{Heap after GC invocations=10 (full 0):
 garbage-first heap   total 116736K, used 63712K [0x0000000709800000, 0x0000000800000000)
  region size 2048K, 3 young (6144K), 3 survivors (6144K)
 Metaspace       used 28646K, committed 28928K, reserved 1081344K
  class space    used 3291K, committed 3456K, reserved 1048576K
}
Event: 4.780 GC heap before
{Heap before GC invocations=10 (full 0):
 garbage-first heap   total 116736K, used 86240K [0x0000000709800000, 0x0000000800000000)
  region size 2048K, 14 young (28672K), 3 survivors (6144K)
 Metaspace       used 28653K, committed 28992K, reserved 1081344K
  class space    used 3291K, committed 3456K, reserved 1048576K
}
Event: 4.786 GC heap after
{Heap after GC invocations=11 (full 0):
 garbage-first heap   total 219136K, used 70779K [0x0000000709800000, 0x0000000800000000)
  region size 2048K, 2 young (4096K), 2 survivors (4096K)
 Metaspace       used 28653K, committed 28992K, reserved 1081344K
  class space    used 3291K, committed 3456K, reserved 1048576K
}
Event: 5.627 GC heap before
{Heap before GC invocations=12 (full 0):
 garbage-first heap   total 219136K, used 144507K [0x0000000709800000, 0x0000000800000000)
  region size 2048K, 38 young (77824K), 2 survivors (4096K)
 Metaspace       used 30195K, committed 30528K, reserved 1081344K
  class space    used 3432K, committed 3584K, reserved 1048576K
}
Event: 5.630 GC heap after
{Heap after GC invocations=13 (full 0):
 garbage-first heap   total 219136K, used 73806K [0x0000000709800000, 0x0000000800000000)
  region size 2048K, 4 young (8192K), 4 survivors (8192K)
 Metaspace       used 30195K, committed 30528K, reserved 1081344K
  class space    used 3432K, committed 3584K, reserved 1048576K
}
Event: 5.653 GC heap before
{Heap before GC invocations=13 (full 0):
 garbage-first heap   total 219136K, used 75854K [0x0000000709800000, 0x0000000800000000)
  region size 2048K, 5 young (10240K), 4 survivors (8192K)
 Metaspace       used 30197K, committed 30528K, reserved 1081344K
  class space    used 3432K, committed 3584K, reserved 1048576K
}
Event: 5.655 GC heap after
{Heap after GC invocations=14 (full 0):
 garbage-first heap   total 219136K, used 66524K [0x0000000709800000, 0x0000000800000000)
  region size 2048K, 1 young (2048K), 1 survivors (2048K)
 Metaspace       used 30197K, committed 30528K, reserved 1081344K
  class space    used 3432K, committed 3584K, reserved 1048576K
}

