# JRE version: Java(TM) SE Runtime Environment (17.0+35) (build 17+35-LTS-2724)
# Java VM: Java HotSpot(TM) 64-Bit Server VM (17+35-LTS-2724, mixed mode, sharing, tiered, compressed oops, compressed class ptrs, g1 gc, windows-amd64)
GC Precious Log:
 CPUs: 16 total, 16 available
 Memory: 15773M
 Large Page Support: Disabled
 NUMA Support: Disabled
 Compressed Oops: Enabled (Zero based)
 Heap Region Size: 2M
 Heap Min Capacity: 8M
 Heap Initial Capacity: 248M
 Heap Max Capacity: 3944M
 Pre-touch: Disabled
 Parallel Workers: 13
 Concurrent Workers: 3
 Concurrent Refinement Workers: 13
 Periodic GC: Disabled
Heap:
 garbage-first heap   total 206848K, used 77634K [0x0000000709800000, 0x0000000800000000)
  region size 2048K, 8 young (16384K), 1 survivors (2048K)
 Metaspace       used 31702K, committed 32064K, reserved 1081344K
  class space    used 3612K, committed 3776K, reserved 1048576K
GC Heap History (20 events):
Event: 2.017 GC heap before
{Heap before GC invocations=2 (full 0):
 garbage-first heap   total 253952K, used 154458K [0x0000000709800000, 0x0000000800000000)
  region size 2048K, 74 young (151552K), 1 survivors (2048K)
 Metaspace       used 16404K, committed 16640K, reserved 1064960K
  class space    used 1866K, committed 1984K, reserved 1048576K
}
Event: 2.027 GC heap after
{Heap after GC invocations=3 (full 0):
 garbage-first heap   total 253952K, used 19996K [0x0000000709800000, 0x0000000800000000)
  region size 2048K, 9 young (18432K), 9 survivors (18432K)
 Metaspace       used 16404K, committed 16640K, reserved 1064960K
  class space    used 1866K, committed 1984K, reserved 1048576K
}
Event: 2.760 GC heap before
{Heap before GC invocations=3 (full 0):
 garbage-first heap   total 253952K, used 89628K [0x0000000709800000, 0x0000000800000000)
  region size 2048K, 43 young (88064K), 9 survivors (18432K)
 Metaspace       used 21211K, committed 21504K, reserved 1073152K
  class space    used 2455K, committed 2624K, reserved 1048576K
}
Event: 2.769 GC heap after
{Heap after GC invocations=4 (full 0):
 garbage-first heap   total 253952K, used 30242K [0x0000000709800000, 0x0000000800000000)
  region size 2048K, 4 young (8192K), 4 survivors (8192K)
 Metaspace       used 21211K, committed 21504K, reserved 1073152K
  class space    used 2455K, committed 2624K, reserved 1048576K
}
Event: 3.333 GC heap before
{Heap before GC invocations=5 (full 0):
 garbage-first heap   total 116736K, used 89634K [0x0000000709800000, 0x0000000800000000)
  region size 2048K, 34 young (69632K), 4 survivors (8192K)
 Metaspace       used 25713K, committed 26112K, reserved 1073152K
  class space    used 2949K, committed 3136K, reserved 1048576K
}
Event: 3.342 GC heap after
{Heap after GC invocations=6 (full 0):
 garbage-first heap   total 116736K, used 43057K [0x0000000709800000, 0x0000000800000000)
  region size 2048K, 5 young (10240K), 5 survivors (10240K)
 Metaspace       used 25713K, committed 26112K, reserved 1073152K
  class space    used 2949K, committed 3136K, reserved 1048576K
}
Event: 3.361 GC heap before
{Heap before GC invocations=6 (full 0):
 garbage-first heap   total 116736K, used 45105K [0x0000000709800000, 0x0000000800000000)
  region size 2048K, 6 young (12288K), 5 survivors (10240K)
 Metaspace       used 25716K, committed 26112K, reserved 1073152K
  class space    used 2949K, committed 3136K, reserved 1048576K
}
Event: 3.366 GC heap after
{Heap after GC invocations=7 (full 0):
 garbage-first heap   total 116736K, used 45606K [0x0000000709800000, 0x0000000800000000)
  region size 2048K, 1 young (2048K), 1 survivors (2048K)
 Metaspace       used 25716K, committed 26112K, reserved 1073152K
  class space    used 2949K, committed 3136K, reserved 1048576K
}
Event: 3.928 GC heap before
{Heap before GC invocations=7 (full 0):
 garbage-first heap   total 116736K, used 82470K [0x0000000709800000, 0x0000000800000000)
  region size 2048K, 20 young (40960K), 1 survivors (2048K)
 Metaspace       used 28597K, committed 28992K, reserved 1081344K
  class space    used 3292K, committed 3456K, reserved 1048576K
}
Event: 3.932 GC heap after
{Heap after GC invocations=8 (full 0):
 garbage-first heap   total 116736K, used 47280K [0x0000000709800000, 0x0000000800000000)
  region size 2048K, 2 young (4096K), 2 survivors (4096K)
 Metaspace       used 28597K, committed 28992K, reserved 1081344K
  class space    used 3292K, committed 3456K, reserved 1048576K
}
Event: 4.090 GC heap before
{Heap before GC invocations=8 (full 0):
 garbage-first heap   total 116736K, used 86192K [0x0000000709800000, 0x0000000800000000)
  region size 2048K, 21 young (43008K), 2 survivors (4096K)
 Metaspace       used 28629K, committed 28992K, reserved 1081344K
  class space    used 3292K, committed 3456K, reserved 1048576K
}
Event: 4.095 GC heap after
{Heap after GC invocations=9 (full 0):
 garbage-first heap   total 116736K, used 55027K [0x0000000709800000, 0x0000000800000000)
  region size 2048K, 3 young (6144K), 3 survivors (6144K)
 Metaspace       used 28629K, committed 28992K, reserved 1081344K
  class space    used 3292K, committed 3456K, reserved 1048576K
}
Event: 4.259 GC heap before
{Heap before GC invocations=9 (full 0):
 garbage-first heap   total 116736K, used 85747K [0x0000000709800000, 0x0000000800000000)
  region size 2048K, 19 young (38912K), 3 survivors (6144K)
 Metaspace       used 28671K, committed 29056K, reserved 1081344K
  class space    used 3293K, committed 3456K, reserved 1048576K
}
Event: 4.264 GC heap after
{Heap after GC invocations=10 (full 0):
 garbage-first heap   total 116736K, used 63488K [0x0000000709800000, 0x0000000800000000)
  region size 2048K, 3 young (6144K), 3 survivors (6144K)
 Metaspace       used 28671K, committed 29056K, reserved 1081344K
  class space    used 3293K, committed 3456K, reserved 1048576K
}
Event: 4.448 GC heap before
{Heap before GC invocations=10 (full 0):
 garbage-first heap   total 116736K, used 86016K [0x0000000709800000, 0x0000000800000000)
  region size 2048K, 15 young (30720K), 3 survivors (6144K)
 Metaspace       used 28685K, committed 29056K, reserved 1081344K
  class space    used 3293K, committed 3456K, reserved 1048576K
}
Event: 4.453 GC heap after
{Heap after GC invocations=11 (full 0):
 garbage-first heap   total 206848K, used 70539K [0x0000000709800000, 0x0000000800000000)
  region size 2048K, 2 young (4096K), 2 survivors (4096K)
 Metaspace       used 28685K, committed 29056K, reserved 1081344K
  class space    used 3293K, committed 3456K, reserved 1048576K
}
Event: 5.217 GC heap before
{Heap before GC invocations=12 (full 0):
 garbage-first heap   total 206848K, used 136075K [0x0000000709800000, 0x0000000800000000)
  region size 2048K, 35 young (71680K), 2 survivors (4096K)
 Metaspace       used 29992K, committed 30336K, reserved 1081344K
  class space    used 3411K, committed 3584K, reserved 1048576K
}
Event: 5.220 GC heap after
{Heap after GC invocations=13 (full 0):
 garbage-first heap   total 206848K, used 70406K [0x0000000709800000, 0x0000000800000000)
  region size 2048K, 3 young (6144K), 3 survivors (6144K)
 Metaspace       used 29992K, committed 30336K, reserved 1081344K
  class space    used 3411K, committed 3584K, reserved 1048576K
}
Event: 5.286 GC heap before
{Heap before GC invocations=13 (full 0):
 garbage-first heap   total 206848K, used 74502K [0x0000000709800000, 0x0000000800000000)
  region size 2048K, 5 young (10240K), 3 survivors (6144K)
 Metaspace       used 30222K, committed 30528K, reserved 1081344K
  class space    used 3434K, committed 3584K, reserved 1048576K
}
Event: 5.289 GC heap after
{Heap after GC invocations=14 (full 0):
 garbage-first heap   total 206848K, used 65346K [0x0000000709800000, 0x0000000800000000)
  region size 2048K, 1 young (2048K), 1 survivors (2048K)
 Metaspace       used 30222K, committed 30528K, reserved 1081344K
  class space    used 3434K, committed 3584K, reserved 1048576K
}

